<?xml version="1.0" encoding="UTF-8"?>
<!-- Generated by org.testng.reporters.JUnitReportReporter -->
<testsuite skipped="0" hostname="PRK-PC" name="test.print" tests="1" failures="0" timestamp="23 Apr 2017 15:41:36 GMT" time="22.007" errors="0">
  <testcase name="launch" time="22.007" classname="test.print"/>
</testsuite> <!-- test.print -->
